  [1m[35m (544.9ms)[0m  [1m[35mCREATE DATABASE "Disco-rd_development" ENCODING = 'unicode'[0m
  ↳ bin/rails:9
  [1m[35m (407.6ms)[0m  [1m[35mCREATE DATABASE "Disco-rd_test" ENCODING = 'unicode'[0m
  ↳ bin/rails:9
  [1m[35mSQL (0.5ms)[0m  [1m[35mCREATE EXTENSION IF NOT EXISTS "plpgsql"[0m
  ↳ db/schema.rb:16
  [1m[35m (2.5ms)[0m  [1m[35mDROP TABLE IF EXISTS "channels" CASCADE[0m
  ↳ db/schema.rb:18
  [1m[35m (28.6ms)[0m  [1m[35mCREATE TABLE "channels" ("id" bigserial primary key, "title" character varying NOT NULL, "server_id" integer NOT NULL, "created_at" timestamp NOT NULL, "updated_at" timestamp NOT NULL)[0m
  ↳ db/schema.rb:18
  [1m[35m (2.0ms)[0m  [1m[35mCREATE  INDEX  "index_channels_on_server_id" ON "channels"  ("server_id")[0m
  ↳ db/schema.rb:18
  [1m[35m (0.5ms)[0m  [1m[35mDROP TABLE IF EXISTS "messages" CASCADE[0m
  ↳ db/schema.rb:26
  [1m[35m (4.3ms)[0m  [1m[35mCREATE TABLE "messages" ("id" bigserial primary key, "body" character varying NOT NULL, "user_id" integer NOT NULL, "channel_id" integer NOT NULL, "created_at" timestamp NOT NULL, "updated_at" timestamp NOT NULL)[0m
  ↳ db/schema.rb:26
  [1m[35m (1.4ms)[0m  [1m[35mCREATE  INDEX  "index_messages_on_channel_id" ON "messages"  ("channel_id")[0m
  ↳ db/schema.rb:26
  [1m[35m (2.0ms)[0m  [1m[35mCREATE  INDEX  "index_messages_on_user_id" ON "messages"  ("user_id")[0m
  ↳ db/schema.rb:26
  [1m[35m (0.3ms)[0m  [1m[35mDROP TABLE IF EXISTS "servers" CASCADE[0m
  ↳ db/schema.rb:36
  [1m[35m (8.2ms)[0m  [1m[35mCREATE TABLE "servers" ("id" bigserial primary key, "title" character varying NOT NULL, "invitation_code" character varying NOT NULL, "icon_url" character varying, "public" boolean DEFAULT TRUE, "admin_id" integer NOT NULL, "created_at" timestamp NOT NULL, "updated_at" timestamp NOT NULL)[0m
  ↳ db/schema.rb:36
  [1m[35m (0.5ms)[0m  [1m[35mDROP TABLE IF EXISTS "user_servers" CASCADE[0m
  ↳ db/schema.rb:46
  [1m[35m (10.0ms)[0m  [1m[35mCREATE TABLE "user_servers" ("id" bigserial primary key, "user_id" integer NOT NULL, "server_id" integer NOT NULL, "user_alias" character varying, "created_at" timestamp NOT NULL, "updated_at" timestamp NOT NULL)[0m
  ↳ db/schema.rb:46
  [1m[35m (4.7ms)[0m  [1m[35mCREATE  INDEX  "index_user_servers_on_server_id" ON "user_servers"  ("server_id")[0m
  ↳ db/schema.rb:46
  [1m[35m (1.7ms)[0m  [1m[35mCREATE  INDEX  "index_user_servers_on_user_id_and_server_id" ON "user_servers"  ("user_id", "server_id")[0m
  ↳ db/schema.rb:46
  [1m[35m (5.2ms)[0m  [1m[35mCREATE  INDEX  "index_user_servers_on_user_id" ON "user_servers"  ("user_id")[0m
  ↳ db/schema.rb:46
  [1m[35m (0.3ms)[0m  [1m[35mDROP TABLE IF EXISTS "users" CASCADE[0m
  ↳ db/schema.rb:57
  [1m[35m (6.6ms)[0m  [1m[35mCREATE TABLE "users" ("id" bigserial primary key, "username" character varying NOT NULL, "email" character varying NOT NULL, "password_digest" character varying NOT NULL, "session_token" character varying NOT NULL, "user_icon_url" character varying, "created_at" timestamp NOT NULL, "updated_at" timestamp NOT NULL)[0m
  ↳ db/schema.rb:57
  [1m[35m (5.7ms)[0m  [1m[35mCREATE TABLE "schema_migrations" ("version" character varying NOT NULL PRIMARY KEY)[0m
  ↳ db/schema.rb:13
  [1m[35m (1.1ms)[0m  [1m[34mSELECT "schema_migrations"."version" FROM "schema_migrations" ORDER BY "schema_migrations"."version" ASC[0m
  ↳ db/schema.rb:13
  [1m[35m (39.9ms)[0m  [1m[32mINSERT INTO "schema_migrations" (version) VALUES (20190526234725)[0m
  ↳ db/schema.rb:13
  [1m[35m (0.6ms)[0m  [1m[32mINSERT INTO "schema_migrations" (version) VALUES
(20190526211147),
(20190523172346),
(20190526233703),
(20190526205805);

[0m
  ↳ db/schema.rb:13
  [1m[35m (45.7ms)[0m  [1m[35mCREATE TABLE "ar_internal_metadata" ("key" character varying NOT NULL PRIMARY KEY, "value" character varying, "created_at" timestamp NOT NULL, "updated_at" timestamp NOT NULL)[0m
  ↳ db/schema.rb:13
  [1m[36mActiveRecord::InternalMetadata Load (0.4ms)[0m  [1m[34mSELECT  "ar_internal_metadata".* FROM "ar_internal_metadata" WHERE "ar_internal_metadata"."key" = $1 LIMIT $2[0m  [["key", "environment"], ["LIMIT", 1]]
  ↳ db/schema.rb:13
  [1m[35m (0.2ms)[0m  [1m[35mBEGIN[0m
  ↳ db/schema.rb:13
  [1m[36mActiveRecord::InternalMetadata Create (0.5ms)[0m  [1m[32mINSERT INTO "ar_internal_metadata" ("key", "value", "created_at", "updated_at") VALUES ($1, $2, $3, $4) RETURNING "key"[0m  [["key", "environment"], ["value", "development"], ["created_at", "2019-05-28 16:15:39.836342"], ["updated_at", "2019-05-28 16:15:39.836342"]]
  ↳ db/schema.rb:13
  [1m[35m (23.6ms)[0m  [1m[35mCOMMIT[0m
  ↳ db/schema.rb:13
  [1m[36mActiveRecord::InternalMetadata Load (0.5ms)[0m  [1m[34mSELECT  "ar_internal_metadata".* FROM "ar_internal_metadata" WHERE "ar_internal_metadata"."key" = $1 LIMIT $2[0m  [["key", "environment"], ["LIMIT", 1]]
  ↳ bin/rails:9
  [1m[35m (0.1ms)[0m  [1m[35mBEGIN[0m
  ↳ bin/rails:9
  [1m[35m (0.2ms)[0m  [1m[35mCOMMIT[0m
  ↳ bin/rails:9
  [1m[35mSQL (0.6ms)[0m  [1m[35mCREATE EXTENSION IF NOT EXISTS "plpgsql"[0m
  ↳ db/schema.rb:16
  [1m[35m (0.6ms)[0m  [1m[35mDROP TABLE IF EXISTS "channels" CASCADE[0m
  ↳ db/schema.rb:18
  [1m[35m (17.5ms)[0m  [1m[35mCREATE TABLE "channels" ("id" bigserial primary key, "title" character varying NOT NULL, "server_id" integer NOT NULL, "created_at" timestamp NOT NULL, "updated_at" timestamp NOT NULL)[0m
  ↳ db/schema.rb:18
  [1m[35m (2.2ms)[0m  [1m[35mCREATE  INDEX  "index_channels_on_server_id" ON "channels"  ("server_id")[0m
  ↳ db/schema.rb:18
  [1m[35m (0.5ms)[0m  [1m[35mDROP TABLE IF EXISTS "messages" CASCADE[0m
  ↳ db/schema.rb:26
  [1m[35m (7.1ms)[0m  [1m[35mCREATE TABLE "messages" ("id" bigserial primary key, "body" character varying NOT NULL, "user_id" integer NOT NULL, "channel_id" integer NOT NULL, "created_at" timestamp NOT NULL, "updated_at" timestamp NOT NULL)[0m
  ↳ db/schema.rb:26
  [1m[35m (1.7ms)[0m  [1m[35mCREATE  INDEX  "index_messages_on_channel_id" ON "messages"  ("channel_id")[0m
  ↳ db/schema.rb:26
  [1m[35m (1.9ms)[0m  [1m[35mCREATE  INDEX  "index_messages_on_user_id" ON "messages"  ("user_id")[0m
  ↳ db/schema.rb:26
  [1m[35m (0.7ms)[0m  [1m[35mDROP TABLE IF EXISTS "servers" CASCADE[0m
  ↳ db/schema.rb:36
  [1m[35m (9.7ms)[0m  [1m[35mCREATE TABLE "servers" ("id" bigserial primary key, "title" character varying NOT NULL, "invitation_code" character varying NOT NULL, "icon_url" character varying, "public" boolean DEFAULT TRUE, "admin_id" integer NOT NULL, "created_at" timestamp NOT NULL, "updated_at" timestamp NOT NULL)[0m
  ↳ db/schema.rb:36
  [1m[35m (1.3ms)[0m  [1m[35mDROP TABLE IF EXISTS "user_servers" CASCADE[0m
  ↳ db/schema.rb:46
  [1m[35m (7.8ms)[0m  [1m[35mCREATE TABLE "user_servers" ("id" bigserial primary key, "user_id" integer NOT NULL, "server_id" integer NOT NULL, "user_alias" character varying, "created_at" timestamp NOT NULL, "updated_at" timestamp NOT NULL)[0m
  ↳ db/schema.rb:46
  [1m[35m (2.6ms)[0m  [1m[35mCREATE  INDEX  "index_user_servers_on_server_id" ON "user_servers"  ("server_id")[0m
  ↳ db/schema.rb:46
  [1m[35m (6.0ms)[0m  [1m[35mCREATE  INDEX  "index_user_servers_on_user_id_and_server_id" ON "user_servers"  ("user_id", "server_id")[0m
  ↳ db/schema.rb:46
  [1m[35m (1.8ms)[0m  [1m[35mCREATE  INDEX  "index_user_servers_on_user_id" ON "user_servers"  ("user_id")[0m
  ↳ db/schema.rb:46
  [1m[35m (0.8ms)[0m  [1m[35mDROP TABLE IF EXISTS "users" CASCADE[0m
  ↳ db/schema.rb:57
  [1m[35m (15.5ms)[0m  [1m[35mCREATE TABLE "users" ("id" bigserial primary key, "username" character varying NOT NULL, "email" character varying NOT NULL, "password_digest" character varying NOT NULL, "session_token" character varying NOT NULL, "user_icon_url" character varying, "created_at" timestamp NOT NULL, "updated_at" timestamp NOT NULL)[0m
  ↳ db/schema.rb:57
  [1m[35m (10.6ms)[0m  [1m[35mCREATE TABLE "schema_migrations" ("version" character varying NOT NULL PRIMARY KEY)[0m
  ↳ db/schema.rb:13
  [1m[35m (0.9ms)[0m  [1m[34mSELECT "schema_migrations"."version" FROM "schema_migrations" ORDER BY "schema_migrations"."version" ASC[0m
  ↳ db/schema.rb:13
  [1m[35m (0.9ms)[0m  [1m[32mINSERT INTO "schema_migrations" (version) VALUES (20190526234725)[0m
  ↳ db/schema.rb:13
  [1m[35m (0.8ms)[0m  [1m[32mINSERT INTO "schema_migrations" (version) VALUES
(20190526211147),
(20190523172346),
(20190526233703),
(20190526205805);

[0m
  ↳ db/schema.rb:13
  [1m[35m (34.6ms)[0m  [1m[35mCREATE TABLE "ar_internal_metadata" ("key" character varying NOT NULL PRIMARY KEY, "value" character varying, "created_at" timestamp NOT NULL, "updated_at" timestamp NOT NULL)[0m
  ↳ db/schema.rb:13
  [1m[36mActiveRecord::InternalMetadata Load (0.7ms)[0m  [1m[34mSELECT  "ar_internal_metadata".* FROM "ar_internal_metadata" WHERE "ar_internal_metadata"."key" = $1 LIMIT $2[0m  [["key", "environment"], ["LIMIT", 1]]
  ↳ db/schema.rb:13
  [1m[35m (0.2ms)[0m  [1m[35mBEGIN[0m
  ↳ db/schema.rb:13
  [1m[36mActiveRecord::InternalMetadata Create (0.7ms)[0m  [1m[32mINSERT INTO "ar_internal_metadata" ("key", "value", "created_at", "updated_at") VALUES ($1, $2, $3, $4) RETURNING "key"[0m  [["key", "environment"], ["value", "development"], ["created_at", "2019-05-28 16:15:40.113306"], ["updated_at", "2019-05-28 16:15:40.113306"]]
  ↳ db/schema.rb:13
  [1m[35m (0.4ms)[0m  [1m[35mCOMMIT[0m
  ↳ db/schema.rb:13
  [1m[36mActiveRecord::InternalMetadata Load (0.4ms)[0m  [1m[34mSELECT  "ar_internal_metadata".* FROM "ar_internal_metadata" WHERE "ar_internal_metadata"."key" = $1 LIMIT $2[0m  [["key", "environment"], ["LIMIT", 1]]
  ↳ bin/rails:9
  [1m[35m (0.2ms)[0m  [1m[35mBEGIN[0m
  ↳ bin/rails:9
  [1m[36mActiveRecord::InternalMetadata Update (0.6ms)[0m  [1m[33mUPDATE "ar_internal_metadata" SET "value" = $1, "updated_at" = $2 WHERE "ar_internal_metadata"."key" = $3[0m  [["value", "test"], ["updated_at", "2019-05-28 16:15:40.119389"], ["key", "environment"]]
  ↳ bin/rails:9
  [1m[35m (0.6ms)[0m  [1m[35mCOMMIT[0m
  ↳ bin/rails:9
  [1m[35m (1.5ms)[0m  [1m[34mSELECT "schema_migrations"."version" FROM "schema_migrations" ORDER BY "schema_migrations"."version" ASC[0m
  ↳ bin/rails:9
